<?xml version="1.0" encoding="UTF-8"?>
<!-- Generated by org.testng.reporters.JUnitXMLReporter -->
<testsuite hostname="DESKTOP-U5JPDRA" ignored="2" name="Test" tests="4" failures="2" timestamp="28 Apr 2020 00:25:49 GMT" time="85.371" errors="0">
  <testcase name="clickAboutLinkTest" time="0.015" classname="com.wbl.test.HomePageTest">
    <failure type="java.lang.NullPointerException">
      <![CDATA[java.lang.NullPointerException
at org.openqa.selenium.support.pagefactory.DefaultElementLocator.findElement(DefaultElementLocator.java:69)
at org.openqa.selenium.support.pagefactory.internal.LocatingElementHandler.invoke(LocatingElementHandler.java:38)
at com.sun.proxy.$Proxy28.click(Unknown Source)
at com.wbl.page.HomePage.clickAboutLink(HomePage.java:27)
at com.wbl.test.HomePageTest.clickAboutLinkTest(HomePageTest.java:19)
... Removed 25 stack frames]]>
    </failure>
  </testcase> <!-- clickAboutLinkTest -->
  <testcase name="clickCompareLinkTest" time="0.002" classname="com.wbl.test.HomePageTest">
    <failure type="java.lang.NullPointerException">
      <![CDATA[java.lang.NullPointerException
at org.openqa.selenium.support.pagefactory.DefaultElementLocator.findElement(DefaultElementLocator.java:69)
at org.openqa.selenium.support.pagefactory.internal.LocatingElementHandler.invoke(LocatingElementHandler.java:38)
at com.sun.proxy.$Proxy28.click(Unknown Source)
at com.wbl.page.HomePage.clickCompareLink(HomePage.java:32)
at com.wbl.test.HomePageTest.clickCompareLinkTest(HomePageTest.java:25)
... Removed 25 stack frames]]>
    </failure>
  </testcase> <!-- clickCompareLinkTest -->
  <testcase name="CheckLoginFeatureTest" time="12.912" classname="com.wbl.test.LoginPageTest"/>
  <testcase name="CountNoOfColumnsInTableTest" time="2.477" classname="com.wbl.test.ComparePageTest"/>
  <testcase name="@BeforeSuite initialsetup" time="0.0" classname="com.wbl.base.BaseTest">
    <ignored/>
  </testcase> <!-- @BeforeSuite initialsetup -->
  <testcase name="@BeforeSuite initialsetup" time="0.0" classname="com.wbl.base.BaseTest">
    <ignored/>
  </testcase> <!-- @BeforeSuite initialsetup -->
</testsuite> <!-- Test -->
