<?xml version="1.0" encoding="UTF-8"?>
<testng-results skipped="0" failed="0" ignored="0" total="1" passed="1">
  <reporter-output>
  </reporter-output>
  <suite name="Default suite" duration-ms="22347" started-at="2020-05-05T20:43:11Z" finished-at="2020-05-05T20:43:34Z">
    <groups>
    </groups>
    <test name="Default test" duration-ms="22347" started-at="2020-05-05T20:43:11Z" finished-at="2020-05-05T20:43:34Z">
      <class name="com.wbl.test.ComparePageTest">
        <test-method status="PASS" signature="initialsetup()[pri:0, instance:com.wbl.test.ComparePageTest@13acb0d1]" name="initialsetup" is-config="true" duration-ms="27" started-at="2020-05-05T20:43:11Z" finished-at="2020-05-05T20:43:11Z">
          <reporter-output>
          </reporter-output>
        </test-method> <!-- initialsetup -->
        <test-method status="PASS" signature="startTest()[pri:0, instance:com.wbl.test.ComparePageTest@13acb0d1]" name="startTest" is-config="true" duration-ms="172" started-at="2020-05-05T20:43:11Z" finished-at="2020-05-05T20:43:12Z">
          <reporter-output>
          </reporter-output>
        </test-method> <!-- startTest -->
        <test-method status="PASS" signature="setup()[pri:0, instance:com.wbl.test.ComparePageTest@13acb0d1]" name="setup" is-config="true" duration-ms="17753" started-at="2020-05-05T20:43:12Z" finished-at="2020-05-05T20:43:29Z">
          <reporter-output>
          </reporter-output>
        </test-method> <!-- setup -->
        <test-method status="PASS" signature="CountNoOfColumnsInTableTest()[pri:0, instance:com.wbl.test.ComparePageTest@13acb0d1]" name="CountNoOfColumnsInTableTest" duration-ms="2689" started-at="2020-05-05T20:43:29Z" finished-at="2020-05-05T20:43:32Z">
          <reporter-output>
          </reporter-output>
        </test-method> <!-- CountNoOfColumnsInTableTest -->
        <test-method status="PASS" signature="tearDown()[pri:0, instance:com.wbl.test.ComparePageTest@13acb0d1]" name="tearDown" is-config="true" duration-ms="1241" started-at="2020-05-05T20:43:32Z" finished-at="2020-05-05T20:43:33Z">
          <reporter-output>
          </reporter-output>
        </test-method> <!-- tearDown -->
        <test-method status="PASS" signature="endTest()[pri:0, instance:com.wbl.test.ComparePageTest@13acb0d1]" name="endTest" is-config="true" duration-ms="458" started-at="2020-05-05T20:43:33Z" finished-at="2020-05-05T20:43:34Z">
          <reporter-output>
          </reporter-output>
        </test-method> <!-- endTest -->
      </class> <!-- com.wbl.test.ComparePageTest -->
    </test> <!-- Default test -->
  </suite> <!-- Default suite -->
</testng-results>
